2018/07/20 17:11:10.541 INFO  [main] [TestSs12Application:50] : Starting TestSs12Application on hxy-company with PID 2740 (E:\code_hxy\springsecurity-collection\test-ss-12\target\classes started by hyp-company in E:\code_hxy\springsecurity-collection)
2018/07/20 17:11:10.545 INFO  [main] [TestSs12Application:663] : The following profiles are active: dev
2018/07/20 17:11:13.771 INFO  [main] [StandardService:180] : Starting service [Tomcat]
2018/07/20 17:11:13.772 INFO  [main] [StandardEngine:180] : Starting Servlet Engine: Apache Tomcat/8.5.31
2018/07/20 17:11:13.778 INFO  [localhost-startStop-1] [AprLifecycleListener:180] : The APR based Apache Tomcat Native library which allows optimal performance in production environments was not found on the java.library.path: [D:\Program Files\Java\jdk1.8.0_77\bin;C:\Windows\Sun\Java\bin;C:\Windows\system32;C:\Windows;C:\Windows\system32;C:\Windows;C:\Windows\System32\Wbem;C:\Windows\System32\WindowsPowerShell\v1.0\;C:\Program Files (x86)\NVIDIA Corporation\PhysX\Common;C:\Program Files\Git\cmd;C:\Program Files\nodejs\;C:\Windows\System32\WindowsPowerShell\v1.0\;C:\Windows\System32\WindowsPowerShell\v1.0\;C:\Program Files\TortoiseSVN\bin;C:\Program Files (x86)\MySQL\MySQL Utilities 1.6\;D:\Program Files\apache-maven-3.3.9\bin\;D:\Program Files\Microsoft VS Code\bin;C:\Users\hyp-company\AppData\Local\Programs\Python\Python36-32\Scripts\;C:\Users\hyp-company\AppData\Local\Programs\Python\Python36-32\;D:\Program Files\Java\jdk1.8.0_77\bin;D:\Program Files\Microsoft VS Code\bin;C:\Users\hyp-company\AppData\Roaming\npm;D:\common_downloads\SQLite;;.]
2018/07/20 17:11:13.891 INFO  [localhost-startStop-1] [[/]:180] : Initializing Spring embedded WebApplicationContext
2018/07/20 17:11:14.449 INFO  [localhost-startStop-1] [DruidDataSourceAutoConfigure:56] : Init DruidDataSource
2018/07/20 17:11:14.944 INFO  [localhost-startStop-1] [DruidDataSource:928] : {dataSource-1} inited
2018/07/20 17:11:18.851 INFO  [main] [DefaultSecurityFilterChain:43] : Creating filter chain: org.springframework.security.web.util.matcher.AnyRequestMatcher@1, [org.springframework.security.web.context.request.async.WebAsyncManagerIntegrationFilter@591a4f8e, org.springframework.security.web.context.SecurityContextPersistenceFilter@17410c07, org.springframework.security.web.header.HeaderWriterFilter@6a756082, org.springframework.security.web.authentication.logout.LogoutFilter@7219ac49, org.springframework.security.web.authentication.UsernamePasswordAuthenticationFilter@34585ac9, org.springframework.security.web.session.ConcurrentSessionFilter@22f4f8f2, org.springframework.security.web.savedrequest.RequestCacheAwareFilter@257ef9ed, org.springframework.security.web.servletapi.SecurityContextHolderAwareRequestFilter@1fd9893c, org.springframework.security.web.authentication.AnonymousAuthenticationFilter@53ed80d3, org.springframework.security.web.session.SessionManagementFilter@1f3b992, org.springframework.security.web.access.ExceptionTranslationFilter@75e27856, org.springframework.security.web.access.intercept.FilterSecurityInterceptor@57545c3f]
2018/07/20 17:11:19.037 INFO  [main] [TestSs12Application:59] : Started TestSs12Application in 9.644 seconds (JVM running for 11.201)
2018/07/20 17:11:19.617 INFO  [RMI TCP Connection(9)-127.0.0.1] [[/]:180] : Initializing Spring FrameworkServlet 'dispatcherServlet'
2018/07/20 17:12:35.695 INFO  [main] [TestSs12Application:50] : Starting TestSs12Application on hxy-company with PID 10392 (E:\code_hxy\springsecurity-collection\test-ss-12\target\classes started by hyp-company in E:\code_hxy\springsecurity-collection)
2018/07/20 17:12:35.700 INFO  [main] [TestSs12Application:663] : The following profiles are active: dev
2018/07/20 17:12:37.037 INFO  [main] [StandardService:180] : Starting service [Tomcat]
2018/07/20 17:12:37.038 INFO  [main] [StandardEngine:180] : Starting Servlet Engine: Apache Tomcat/8.5.31
2018/07/20 17:12:37.041 INFO  [localhost-startStop-1] [AprLifecycleListener:180] : The APR based Apache Tomcat Native library which allows optimal performance in production environments was not found on the java.library.path: [D:\Program Files\Java\jdk1.8.0_77\bin;C:\Windows\Sun\Java\bin;C:\Windows\system32;C:\Windows;C:\Windows\system32;C:\Windows;C:\Windows\System32\Wbem;C:\Windows\System32\WindowsPowerShell\v1.0\;C:\Program Files (x86)\NVIDIA Corporation\PhysX\Common;C:\Program Files\Git\cmd;C:\Program Files\nodejs\;C:\Windows\System32\WindowsPowerShell\v1.0\;C:\Windows\System32\WindowsPowerShell\v1.0\;C:\Program Files\TortoiseSVN\bin;C:\Program Files (x86)\MySQL\MySQL Utilities 1.6\;D:\Program Files\apache-maven-3.3.9\bin\;D:\Program Files\Microsoft VS Code\bin;C:\Users\hyp-company\AppData\Local\Programs\Python\Python36-32\Scripts\;C:\Users\hyp-company\AppData\Local\Programs\Python\Python36-32\;D:\Program Files\Java\jdk1.8.0_77\bin;D:\Program Files\Microsoft VS Code\bin;C:\Users\hyp-company\AppData\Roaming\npm;D:\common_downloads\SQLite;;.]
2018/07/20 17:12:37.113 INFO  [localhost-startStop-1] [[/]:180] : Initializing Spring embedded WebApplicationContext
2018/07/20 17:12:37.505 INFO  [localhost-startStop-1] [DruidDataSourceAutoConfigure:56] : Init DruidDataSource
2018/07/20 17:12:37.865 INFO  [localhost-startStop-1] [DruidDataSource:928] : {dataSource-1} inited
2018/07/20 17:12:39.178 INFO  [main] [DefaultSecurityFilterChain:43] : Creating filter chain: org.springframework.security.web.util.matcher.AnyRequestMatcher@1, [org.springframework.security.web.context.request.async.WebAsyncManagerIntegrationFilter@b0a1231, org.springframework.security.web.context.SecurityContextPersistenceFilter@30839e44, org.springframework.security.web.header.HeaderWriterFilter@64920dc2, org.springframework.security.web.authentication.logout.LogoutFilter@6993c8df, org.springframework.security.web.authentication.UsernamePasswordAuthenticationFilter@7e9f2c32, org.springframework.security.web.session.ConcurrentSessionFilter@28757abd, org.springframework.security.web.savedrequest.RequestCacheAwareFilter@1945113f, org.springframework.security.web.servletapi.SecurityContextHolderAwareRequestFilter@7978e022, org.springframework.security.web.authentication.AnonymousAuthenticationFilter@4833eff3, org.springframework.security.web.session.SessionManagementFilter@493ac8d3, org.springframework.security.web.access.ExceptionTranslationFilter@1ee47d9e, org.springframework.security.web.access.intercept.FilterSecurityInterceptor@6a0f2853]
2018/07/20 17:12:39.331 INFO  [main] [TestSs12Application:59] : Started TestSs12Application in 4.294 seconds (JVM running for 5.022)
2018/07/20 17:12:40.225 INFO  [RMI TCP Connection(2)-127.0.0.1] [[/]:180] : Initializing Spring FrameworkServlet 'dispatcherServlet'
2018/07/20 17:12:55.205 INFO  [http-nio-8080-exec-1] [CustomUserDetailsService:53] : 表单登录用户名:admin
2018/07/20 17:12:55.205 INFO  [http-nio-8080-exec-1] [CustomUserDetailsService:54] : 数据库密码是:123456
2018/07/20 17:13:52.926 INFO  [main] [TestSs12Application:50] : Starting TestSs12Application on hxy-company with PID 6252 (E:\code_hxy\springsecurity-collection\test-ss-12\target\classes started by hyp-company in E:\code_hxy\springsecurity-collection)
2018/07/20 17:13:52.929 INFO  [main] [TestSs12Application:663] : The following profiles are active: dev
2018/07/20 17:13:54.280 INFO  [main] [StandardService:180] : Starting service [Tomcat]
2018/07/20 17:13:54.280 INFO  [main] [StandardEngine:180] : Starting Servlet Engine: Apache Tomcat/8.5.31
2018/07/20 17:13:54.284 INFO  [localhost-startStop-1] [AprLifecycleListener:180] : The APR based Apache Tomcat Native library which allows optimal performance in production environments was not found on the java.library.path: [D:\Program Files\Java\jdk1.8.0_77\bin;C:\Windows\Sun\Java\bin;C:\Windows\system32;C:\Windows;C:\Windows\system32;C:\Windows;C:\Windows\System32\Wbem;C:\Windows\System32\WindowsPowerShell\v1.0\;C:\Program Files (x86)\NVIDIA Corporation\PhysX\Common;C:\Program Files\Git\cmd;C:\Program Files\nodejs\;C:\Windows\System32\WindowsPowerShell\v1.0\;C:\Windows\System32\WindowsPowerShell\v1.0\;C:\Program Files\TortoiseSVN\bin;C:\Program Files (x86)\MySQL\MySQL Utilities 1.6\;D:\Program Files\apache-maven-3.3.9\bin\;D:\Program Files\Microsoft VS Code\bin;C:\Users\hyp-company\AppData\Local\Programs\Python\Python36-32\Scripts\;C:\Users\hyp-company\AppData\Local\Programs\Python\Python36-32\;D:\Program Files\Java\jdk1.8.0_77\bin;D:\Program Files\Microsoft VS Code\bin;C:\Users\hyp-company\AppData\Roaming\npm;D:\common_downloads\SQLite;;.]
2018/07/20 17:13:54.354 INFO  [localhost-startStop-1] [[/]:180] : Initializing Spring embedded WebApplicationContext
2018/07/20 17:13:54.768 INFO  [localhost-startStop-1] [DruidDataSourceAutoConfigure:56] : Init DruidDataSource
2018/07/20 17:13:55.150 INFO  [localhost-startStop-1] [DruidDataSource:928] : {dataSource-1} inited
2018/07/20 17:13:56.475 INFO  [main] [DefaultSecurityFilterChain:43] : Creating filter chain: org.springframework.security.web.util.matcher.AnyRequestMatcher@1, [org.springframework.security.web.context.request.async.WebAsyncManagerIntegrationFilter@794366a5, org.springframework.security.web.context.SecurityContextPersistenceFilter@44d64d4e, org.springframework.security.web.header.HeaderWriterFilter@6949e948, org.springframework.security.web.authentication.logout.LogoutFilter@3902bd2c, org.springframework.security.web.authentication.UsernamePasswordAuthenticationFilter@127705e4, org.springframework.security.web.session.ConcurrentSessionFilter@633fd91, org.springframework.security.web.savedrequest.RequestCacheAwareFilter@526a9908, org.springframework.security.web.servletapi.SecurityContextHolderAwareRequestFilter@df921b1, org.springframework.security.web.authentication.AnonymousAuthenticationFilter@480b57e2, org.springframework.security.web.session.SessionManagementFilter@3bec5821, org.springframework.security.web.access.ExceptionTranslationFilter@3ddeaa5f, org.springframework.security.web.access.intercept.FilterSecurityInterceptor@5d1e0fbb]
2018/07/20 17:13:56.627 INFO  [main] [TestSs12Application:59] : Started TestSs12Application in 4.243 seconds (JVM running for 4.843)
2018/07/20 17:13:57.335 INFO  [RMI TCP Connection(8)-127.0.0.1] [[/]:180] : Initializing Spring FrameworkServlet 'dispatcherServlet'
2018/07/20 17:14:02.584 INFO  [http-nio-8080-exec-2] [CustomUserDetailsService:53] : 表单登录用户名:admin
2018/07/20 17:14:02.585 INFO  [http-nio-8080-exec-2] [CustomUserDetailsService:54] : 数据库密码是:$2a$10$4xsCi5TV1reUHKDjT1vTCe7PJM1/x8tlqvU7l7XSmX5WuMdK94ByC
2018/07/20 17:16:20.305 INFO  [main] [TestSs12Application:50] : Starting TestSs12Application on hxy-company with PID 9764 (E:\code_hxy\springsecurity-collection\test-ss-12\target\classes started by hyp-company in E:\code_hxy\springsecurity-collection)
2018/07/20 17:16:20.308 INFO  [main] [TestSs12Application:663] : The following profiles are active: dev
2018/07/20 17:16:21.651 INFO  [main] [StandardService:180] : Starting service [Tomcat]
2018/07/20 17:16:21.652 INFO  [main] [StandardEngine:180] : Starting Servlet Engine: Apache Tomcat/8.5.31
2018/07/20 17:16:21.655 INFO  [localhost-startStop-1] [AprLifecycleListener:180] : The APR based Apache Tomcat Native library which allows optimal performance in production environments was not found on the java.library.path: [D:\Program Files\Java\jdk1.8.0_77\bin;C:\Windows\Sun\Java\bin;C:\Windows\system32;C:\Windows;C:\Windows\system32;C:\Windows;C:\Windows\System32\Wbem;C:\Windows\System32\WindowsPowerShell\v1.0\;C:\Program Files (x86)\NVIDIA Corporation\PhysX\Common;C:\Program Files\Git\cmd;C:\Program Files\nodejs\;C:\Windows\System32\WindowsPowerShell\v1.0\;C:\Windows\System32\WindowsPowerShell\v1.0\;C:\Program Files\TortoiseSVN\bin;C:\Program Files (x86)\MySQL\MySQL Utilities 1.6\;D:\Program Files\apache-maven-3.3.9\bin\;D:\Program Files\Microsoft VS Code\bin;C:\Users\hyp-company\AppData\Local\Programs\Python\Python36-32\Scripts\;C:\Users\hyp-company\AppData\Local\Programs\Python\Python36-32\;D:\Program Files\Java\jdk1.8.0_77\bin;D:\Program Files\Microsoft VS Code\bin;C:\Users\hyp-company\AppData\Roaming\npm;D:\common_downloads\SQLite;;.]
2018/07/20 17:16:21.729 INFO  [localhost-startStop-1] [[/]:180] : Initializing Spring embedded WebApplicationContext
2018/07/20 17:16:22.160 INFO  [localhost-startStop-1] [DruidDataSourceAutoConfigure:56] : Init DruidDataSource
2018/07/20 17:16:22.535 INFO  [localhost-startStop-1] [DruidDataSource:928] : {dataSource-1} inited
2018/07/20 17:16:23.878 INFO  [main] [DefaultSecurityFilterChain:43] : Creating filter chain: org.springframework.security.web.util.matcher.AnyRequestMatcher@1, [org.springframework.security.web.context.request.async.WebAsyncManagerIntegrationFilter@5afbd567, org.springframework.security.web.context.SecurityContextPersistenceFilter@6a756082, org.springframework.security.web.header.HeaderWriterFilter@727320fa, org.springframework.security.web.authentication.logout.LogoutFilter@257ef9ed, org.springframework.security.web.authentication.UsernamePasswordAuthenticationFilter@1db87583, org.springframework.security.web.session.ConcurrentSessionFilter@766a49c7, org.springframework.security.web.savedrequest.RequestCacheAwareFilter@1f3b992, org.springframework.security.web.servletapi.SecurityContextHolderAwareRequestFilter@bbd4791, org.springframework.security.web.authentication.AnonymousAuthenticationFilter@6993c8df, org.springframework.security.web.session.SessionManagementFilter@3f018494, org.springframework.security.web.access.ExceptionTranslationFilter@eb6ec6, org.springframework.security.web.access.intercept.FilterSecurityInterceptor@45aca496]
2018/07/20 17:16:24.031 INFO  [main] [TestSs12Application:59] : Started TestSs12Application in 4.326 seconds (JVM running for 4.997)
2018/07/20 17:16:24.621 INFO  [RMI TCP Connection(7)-127.0.0.1] [[/]:180] : Initializing Spring FrameworkServlet 'dispatcherServlet'
2018/07/20 17:16:39.143 INFO  [http-nio-8080-exec-2] [CustomUserDetailsService:53] : 表单登录用户名:admin
2018/07/20 17:16:39.143 INFO  [http-nio-8080-exec-2] [CustomUserDetailsService:54] : 数据库密码是:$2a$10$4xsCi5TV1reUHKDjT1vTCe7PJM1/x8tlqvU7l7XSmX5WuMdK94ByC
2018/07/20 17:24:42.316 INFO  [main] [TestSs12Application:50] : Starting TestSs12Application on hxy-company with PID 11760 (E:\code_hxy\springsecurity-collection\test-ss-12\target\classes started by hyp-company in E:\code_hxy\springsecurity-collection)
2018/07/20 17:24:42.321 INFO  [main] [TestSs12Application:663] : The following profiles are active: dev
2018/07/20 17:24:44.422 INFO  [main] [StandardService:180] : Starting service [Tomcat]
2018/07/20 17:24:44.423 INFO  [main] [StandardEngine:180] : Starting Servlet Engine: Apache Tomcat/8.5.31
2018/07/20 17:24:44.427 INFO  [localhost-startStop-1] [AprLifecycleListener:180] : The APR based Apache Tomcat Native library which allows optimal performance in production environments was not found on the java.library.path: [D:\Program Files\Java\jdk1.8.0_77\bin;C:\Windows\Sun\Java\bin;C:\Windows\system32;C:\Windows;C:\Windows\system32;C:\Windows;C:\Windows\System32\Wbem;C:\Windows\System32\WindowsPowerShell\v1.0\;C:\Program Files (x86)\NVIDIA Corporation\PhysX\Common;C:\Program Files\Git\cmd;C:\Program Files\nodejs\;C:\Windows\System32\WindowsPowerShell\v1.0\;C:\Windows\System32\WindowsPowerShell\v1.0\;C:\Program Files\TortoiseSVN\bin;C:\Program Files (x86)\MySQL\MySQL Utilities 1.6\;D:\Program Files\apache-maven-3.3.9\bin\;D:\Program Files\Microsoft VS Code\bin;C:\Users\hyp-company\AppData\Local\Programs\Python\Python36-32\Scripts\;C:\Users\hyp-company\AppData\Local\Programs\Python\Python36-32\;D:\Program Files\Java\jdk1.8.0_77\bin;D:\Program Files\Microsoft VS Code\bin;C:\Users\hyp-company\AppData\Roaming\npm;D:\common_downloads\SQLite;;.]
2018/07/20 17:24:44.522 INFO  [localhost-startStop-1] [[/]:180] : Initializing Spring embedded WebApplicationContext
2018/07/20 17:24:45.385 INFO  [main] [StandardService:180] : Stopping service [Tomcat]
2018/07/20 17:54:41.496 INFO  [main] [TestSs12Application:50] : Starting TestSs12Application on hxy-company with PID 4356 (E:\code_hxy\springsecurity-collection\test-ss-12\target\classes started by hyp-company in E:\code_hxy\springsecurity-collection)
2018/07/20 17:54:41.529 INFO  [main] [TestSs12Application:663] : The following profiles are active: dev
2018/07/20 17:54:46.566 INFO  [main] [StandardService:180] : Starting service [Tomcat]
2018/07/20 17:54:46.567 INFO  [main] [StandardEngine:180] : Starting Servlet Engine: Apache Tomcat/8.5.31
2018/07/20 17:54:46.593 INFO  [localhost-startStop-1] [AprLifecycleListener:180] : The APR based Apache Tomcat Native library which allows optimal performance in production environments was not found on the java.library.path: [D:\Program Files\Java\jdk1.8.0_77\bin;C:\Windows\Sun\Java\bin;C:\Windows\system32;C:\Windows;C:\Windows\system32;C:\Windows;C:\Windows\System32\Wbem;C:\Windows\System32\WindowsPowerShell\v1.0\;C:\Program Files (x86)\NVIDIA Corporation\PhysX\Common;C:\Program Files\Git\cmd;C:\Program Files\nodejs\;C:\Windows\System32\WindowsPowerShell\v1.0\;C:\Windows\System32\WindowsPowerShell\v1.0\;C:\Program Files\TortoiseSVN\bin;C:\Program Files (x86)\MySQL\MySQL Utilities 1.6\;D:\Program Files\apache-maven-3.3.9\bin\;D:\Program Files\Microsoft VS Code\bin;C:\Users\hyp-company\AppData\Local\Programs\Python\Python36-32\Scripts\;C:\Users\hyp-company\AppData\Local\Programs\Python\Python36-32\;D:\Program Files\Java\jdk1.8.0_77\bin;D:\Program Files\Microsoft VS Code\bin;C:\Users\hyp-company\AppData\Roaming\npm;D:\common_downloads\SQLite;;.]
2018/07/20 17:54:46.870 INFO  [localhost-startStop-1] [[/]:180] : Initializing Spring embedded WebApplicationContext
2018/07/20 17:54:47.323 INFO  [main] [StandardService:180] : Stopping service [Tomcat]
2018/07/20 18:02:38.257 INFO  [main] [TestSs12Application:50] : Starting TestSs12Application on hxy-company with PID 1808 (E:\code_hxy\springsecurity-collection\test-ss-12\target\classes started by hyp-company in E:\code_hxy\springsecurity-collection)
2018/07/20 18:02:38.260 INFO  [main] [TestSs12Application:663] : The following profiles are active: dev
2018/07/20 18:02:39.721 INFO  [main] [StandardService:180] : Starting service [Tomcat]
2018/07/20 18:02:39.721 INFO  [main] [StandardEngine:180] : Starting Servlet Engine: Apache Tomcat/8.5.31
2018/07/20 18:02:39.725 INFO  [localhost-startStop-1] [AprLifecycleListener:180] : The APR based Apache Tomcat Native library which allows optimal performance in production environments was not found on the java.library.path: [D:\Program Files\Java\jdk1.8.0_77\bin;C:\Windows\Sun\Java\bin;C:\Windows\system32;C:\Windows;C:\Windows\system32;C:\Windows;C:\Windows\System32\Wbem;C:\Windows\System32\WindowsPowerShell\v1.0\;C:\Program Files (x86)\NVIDIA Corporation\PhysX\Common;C:\Program Files\Git\cmd;C:\Program Files\nodejs\;C:\Windows\System32\WindowsPowerShell\v1.0\;C:\Windows\System32\WindowsPowerShell\v1.0\;C:\Program Files\TortoiseSVN\bin;C:\Program Files (x86)\MySQL\MySQL Utilities 1.6\;D:\Program Files\apache-maven-3.3.9\bin\;D:\Program Files\Microsoft VS Code\bin;C:\Users\hyp-company\AppData\Local\Programs\Python\Python36-32\Scripts\;C:\Users\hyp-company\AppData\Local\Programs\Python\Python36-32\;D:\Program Files\Java\jdk1.8.0_77\bin;D:\Program Files\Microsoft VS Code\bin;C:\Users\hyp-company\AppData\Roaming\npm;D:\common_downloads\SQLite;;.]
2018/07/20 18:02:39.883 INFO  [localhost-startStop-1] [[/]:180] : Initializing Spring embedded WebApplicationContext
2018/07/20 18:02:40.152 INFO  [main] [StandardService:180] : Stopping service [Tomcat]
2018/07/20 18:03:09.459 INFO  [main] [TestSs12Application:50] : Starting TestSs12Application on hxy-company with PID 11852 (E:\code_hxy\springsecurity-collection\test-ss-12\target\classes started by hyp-company in E:\code_hxy\springsecurity-collection)
2018/07/20 18:03:09.462 INFO  [main] [TestSs12Application:663] : The following profiles are active: dev
2018/07/20 18:03:10.894 INFO  [main] [StandardService:180] : Starting service [Tomcat]
2018/07/20 18:03:10.895 INFO  [main] [StandardEngine:180] : Starting Servlet Engine: Apache Tomcat/8.5.31
2018/07/20 18:03:10.898 INFO  [localhost-startStop-1] [AprLifecycleListener:180] : The APR based Apache Tomcat Native library which allows optimal performance in production environments was not found on the java.library.path: [D:\Program Files\Java\jdk1.8.0_77\bin;C:\Windows\Sun\Java\bin;C:\Windows\system32;C:\Windows;C:\Windows\system32;C:\Windows;C:\Windows\System32\Wbem;C:\Windows\System32\WindowsPowerShell\v1.0\;C:\Program Files (x86)\NVIDIA Corporation\PhysX\Common;C:\Program Files\Git\cmd;C:\Program Files\nodejs\;C:\Windows\System32\WindowsPowerShell\v1.0\;C:\Windows\System32\WindowsPowerShell\v1.0\;C:\Program Files\TortoiseSVN\bin;C:\Program Files (x86)\MySQL\MySQL Utilities 1.6\;D:\Program Files\apache-maven-3.3.9\bin\;D:\Program Files\Microsoft VS Code\bin;C:\Users\hyp-company\AppData\Local\Programs\Python\Python36-32\Scripts\;C:\Users\hyp-company\AppData\Local\Programs\Python\Python36-32\;D:\Program Files\Java\jdk1.8.0_77\bin;D:\Program Files\Microsoft VS Code\bin;C:\Users\hyp-company\AppData\Roaming\npm;D:\common_downloads\SQLite;;.]
2018/07/20 18:03:10.982 INFO  [localhost-startStop-1] [[/]:180] : Initializing Spring embedded WebApplicationContext
2018/07/20 18:03:11.312 INFO  [main] [StandardService:180] : Stopping service [Tomcat]
2018/07/20 18:04:17.660 INFO  [main] [TestSs12Application:50] : Starting TestSs12Application on hxy-company with PID 10912 (E:\code_hxy\springsecurity-collection\test-ss-12\target\classes started by hyp-company in E:\code_hxy\springsecurity-collection)
2018/07/20 18:04:17.664 INFO  [main] [TestSs12Application:663] : The following profiles are active: dev
2018/07/20 18:04:19.579 INFO  [main] [StandardService:180] : Starting service [Tomcat]
2018/07/20 18:04:19.580 INFO  [main] [StandardEngine:180] : Starting Servlet Engine: Apache Tomcat/8.5.31
2018/07/20 18:04:19.583 INFO  [localhost-startStop-1] [AprLifecycleListener:180] : The APR based Apache Tomcat Native library which allows optimal performance in production environments was not found on the java.library.path: [D:\Program Files\Java\jdk1.8.0_77\bin;C:\Windows\Sun\Java\bin;C:\Windows\system32;C:\Windows;C:\Windows\system32;C:\Windows;C:\Windows\System32\Wbem;C:\Windows\System32\WindowsPowerShell\v1.0\;C:\Program Files (x86)\NVIDIA Corporation\PhysX\Common;C:\Program Files\Git\cmd;C:\Program Files\nodejs\;C:\Windows\System32\WindowsPowerShell\v1.0\;C:\Windows\System32\WindowsPowerShell\v1.0\;C:\Program Files\TortoiseSVN\bin;C:\Program Files (x86)\MySQL\MySQL Utilities 1.6\;D:\Program Files\apache-maven-3.3.9\bin\;D:\Program Files\Microsoft VS Code\bin;C:\Users\hyp-company\AppData\Local\Programs\Python\Python36-32\Scripts\;C:\Users\hyp-company\AppData\Local\Programs\Python\Python36-32\;D:\Program Files\Java\jdk1.8.0_77\bin;D:\Program Files\Microsoft VS Code\bin;C:\Users\hyp-company\AppData\Roaming\npm;D:\common_downloads\SQLite;;.]
2018/07/20 18:04:19.695 INFO  [localhost-startStop-1] [[/]:180] : Initializing Spring embedded WebApplicationContext
2018/07/20 18:04:20.016 INFO  [main] [StandardService:180] : Stopping service [Tomcat]
2018/07/20 18:07:18.107 INFO  [main] [TestSs12Application:50] : Starting TestSs12Application on hxy-company with PID 6376 (E:\code_hxy\springsecurity-collection\test-ss-12\target\classes started by hyp-company in E:\code_hxy\springsecurity-collection)
2018/07/20 18:07:18.112 INFO  [main] [TestSs12Application:663] : The following profiles are active: dev
2018/07/20 18:07:20.325 INFO  [main] [StandardService:180] : Starting service [Tomcat]
2018/07/20 18:07:20.325 INFO  [main] [StandardEngine:180] : Starting Servlet Engine: Apache Tomcat/8.5.31
2018/07/20 18:07:20.329 INFO  [localhost-startStop-1] [AprLifecycleListener:180] : The APR based Apache Tomcat Native library which allows optimal performance in production environments was not found on the java.library.path: [D:\Program Files\Java\jdk1.8.0_77\bin;C:\Windows\Sun\Java\bin;C:\Windows\system32;C:\Windows;C:\Windows\system32;C:\Windows;C:\Windows\System32\Wbem;C:\Windows\System32\WindowsPowerShell\v1.0\;C:\Program Files (x86)\NVIDIA Corporation\PhysX\Common;C:\Program Files\Git\cmd;C:\Program Files\nodejs\;C:\Windows\System32\WindowsPowerShell\v1.0\;C:\Windows\System32\WindowsPowerShell\v1.0\;C:\Program Files\TortoiseSVN\bin;C:\Program Files (x86)\MySQL\MySQL Utilities 1.6\;D:\Program Files\apache-maven-3.3.9\bin\;D:\Program Files\Microsoft VS Code\bin;C:\Users\hyp-company\AppData\Local\Programs\Python\Python36-32\Scripts\;C:\Users\hyp-company\AppData\Local\Programs\Python\Python36-32\;D:\Program Files\Java\jdk1.8.0_77\bin;D:\Program Files\Microsoft VS Code\bin;C:\Users\hyp-company\AppData\Roaming\npm;D:\common_downloads\SQLite;;.]
2018/07/20 18:07:20.432 INFO  [localhost-startStop-1] [[/]:180] : Initializing Spring embedded WebApplicationContext
2018/07/20 18:07:20.778 INFO  [main] [StandardService:180] : Stopping service [Tomcat]
2018/07/20 18:08:07.379 INFO  [main] [TestSs12Application:50] : Starting TestSs12Application on hxy-company with PID 4356 (E:\code_hxy\springsecurity-collection\test-ss-12\target\classes started by hyp-company in E:\code_hxy\springsecurity-collection)
2018/07/20 18:08:07.436 INFO  [main] [TestSs12Application:663] : The following profiles are active: dev
2018/07/20 18:08:08.852 INFO  [main] [StandardService:180] : Starting service [Tomcat]
2018/07/20 18:08:08.852 INFO  [main] [StandardEngine:180] : Starting Servlet Engine: Apache Tomcat/8.5.31
2018/07/20 18:08:08.857 INFO  [localhost-startStop-1] [AprLifecycleListener:180] : The APR based Apache Tomcat Native library which allows optimal performance in production environments was not found on the java.library.path: [D:\Program Files\Java\jdk1.8.0_77\bin;C:\Windows\Sun\Java\bin;C:\Windows\system32;C:\Windows;C:\Windows\system32;C:\Windows;C:\Windows\System32\Wbem;C:\Windows\System32\WindowsPowerShell\v1.0\;C:\Program Files (x86)\NVIDIA Corporation\PhysX\Common;C:\Program Files\Git\cmd;C:\Program Files\nodejs\;C:\Windows\System32\WindowsPowerShell\v1.0\;C:\Windows\System32\WindowsPowerShell\v1.0\;C:\Program Files\TortoiseSVN\bin;C:\Program Files (x86)\MySQL\MySQL Utilities 1.6\;D:\Program Files\apache-maven-3.3.9\bin\;D:\Program Files\Microsoft VS Code\bin;C:\Users\hyp-company\AppData\Local\Programs\Python\Python36-32\Scripts\;C:\Users\hyp-company\AppData\Local\Programs\Python\Python36-32\;D:\Program Files\Java\jdk1.8.0_77\bin;D:\Program Files\Microsoft VS Code\bin;C:\Users\hyp-company\AppData\Roaming\npm;D:\common_downloads\SQLite;;.]
2018/07/20 18:08:08.938 INFO  [localhost-startStop-1] [[/]:180] : Initializing Spring embedded WebApplicationContext
2018/07/20 18:08:09.483 INFO  [localhost-startStop-1] [DruidDataSourceAutoConfigure:56] : Init DruidDataSource
2018/07/20 18:08:10.641 INFO  [localhost-startStop-1] [DruidDataSource:928] : {dataSource-1} inited
2018/07/20 18:08:12.813 INFO  [main] [DefaultSecurityFilterChain:43] : Creating filter chain: org.springframework.security.web.util.matcher.AnyRequestMatcher@1, [org.springframework.security.web.context.request.async.WebAsyncManagerIntegrationFilter@43b5021c, org.springframework.security.web.context.SecurityContextPersistenceFilter@724aefc3, org.springframework.security.web.header.HeaderWriterFilter@31db34da, org.springframework.security.web.authentication.logout.LogoutFilter@748f93bb, org.springframework.security.web.authentication.UsernamePasswordAuthenticationFilter@6bcc3f27, org.springframework.security.web.session.ConcurrentSessionFilter@d08edc5, org.springframework.security.web.savedrequest.RequestCacheAwareFilter@2a097d77, org.springframework.security.web.servletapi.SecurityContextHolderAwareRequestFilter@3811510, org.springframework.security.web.authentication.AnonymousAuthenticationFilter@28369db0, org.springframework.security.web.session.SessionManagementFilter@5edacf20, org.springframework.security.web.access.ExceptionTranslationFilter@5ebffb44, org.springframework.security.web.access.intercept.FilterSecurityInterceptor@1cfc2538]
2018/07/20 18:08:13.056 INFO  [main] [TestSs12Application:59] : Started TestSs12Application in 6.475 seconds (JVM running for 7.373)
2018/07/20 18:08:13.897 INFO  [RMI TCP Connection(6)-127.0.0.1] [[/]:180] : Initializing Spring FrameworkServlet 'dispatcherServlet'
2018/07/20 18:08:45.698 INFO  [http-nio-8080-exec-5] [CustomUserDetailsService:53] : 表单登录用户名:admin
2018/07/20 18:08:45.699 INFO  [http-nio-8080-exec-5] [CustomUserDetailsService:54] : 数据库密码是:$2a$10$4xsCi5TV1reUHKDjT1vTCe7PJM1/x8tlqvU7l7XSmX5WuMdK94ByC
